# JRE version: OpenJDK Runtime Environment (8.0_152-b06) (build 1.8.0_152-release-1136-b06)
# Java VM: OpenJDK 64-Bit Server VM (25.152-b06 mixed mode linux-amd64 compressed oops)
Heap:
 PSYoungGen      total 452096K, used 45051K [0x00000000e0000000, 0x0000000100000000, 0x0000000100000000)
  eden space 407040K, 0% used [0x00000000e0000000,0x00000000e0000000,0x00000000f8d80000)
  from space 45056K, 99% used [0x00000000fd400000,0x00000000ffffefe8,0x0000000100000000)
  to   space 57344K, 0% used [0x00000000f9000000,0x00000000f9000000,0x00000000fc800000)
 ParOldGen       total 134656K, used 112221K [0x00000000a0000000, 0x00000000a8380000, 0x00000000e0000000)
  object space 134656K, 83% used [0x00000000a0000000,0x00000000a6d977d8,0x00000000a8380000)
 Metaspace       used 94362K, capacity 98334K, committed 98380K, reserved 1134592K
  class space    used 12005K, capacity 12872K, committed 12916K, reserved 1048576K
GC Heap History (10 events):
Event: 194,984 GC heap after
Heap after GC invocations=19 (full 3):
 PSYoungGen      total 380416K, used 16375K [0x00000000e0000000, 0x00000000f8a80000, 0x0000000100000000)
  eden space 359936K, 0% used [0x00000000e0000000,0x00000000e0000000,0x00000000f5f80000)
  from space 20480K, 79% used [0x00000000f7580000,0x00000000f857de18,0x00000000f8980000)
  to   space 22016K, 0% used [0x00000000f5f80000,0x00000000f5f80000,0x00000000f7500000)
 ParOldGen       total 134656K, used 42723K [0x00000000a0000000, 0x00000000a8380000, 0x00000000e0000000)
  object space 134656K, 31% used [0x00000000a0000000,0x00000000a29b8ef8,0x00000000a8380000)
 Metaspace       used 67933K, capacity 69838K, committed 69908K, reserved 1110016K
  class space    used 8775K, capacity 9242K, committed 9276K, reserved 1048576K
}
Event: 277,087 GC heap before
{Heap before GC invocations=20 (full 3):
 PSYoungGen      total 380416K, used 376311K [0x00000000e0000000, 0x00000000f8a80000, 0x0000000100000000)
  eden space 359936K, 100% used [0x00000000e0000000,0x00000000f5f80000,0x00000000f5f80000)
  from space 20480K, 79% used [0x00000000f7580000,0x00000000f857de18,0x00000000f8980000)
  to   space 22016K, 0% used [0x00000000f5f80000,0x00000000f5f80000,0x00000000f7500000)
 ParOldGen       total 134656K, used 42723K [0x00000000a0000000, 0x00000000a8380000, 0x00000000e0000000)
  object space 134656K, 31% used [0x00000000a0000000,0x00000000a29b8ef8,0x00000000a8380000)
 Metaspace       used 74440K, capacity 76717K, committed 77076K, reserved 1116160K
  class space    used 9640K, capacity 10174K, committed 10300K, reserved 1048576K
Event: 277,130 GC heap after
Heap after GC invocations=20 (full 3):
 PSYoungGen      total 381952K, used 22014K [0x00000000e0000000, 0x00000000fe500000, 0x0000000100000000)
  eden space 359936K, 0% used [0x00000000e0000000,0x00000000e0000000,0x00000000f5f80000)
  from space 22016K, 99% used [0x00000000f5f80000,0x00000000f74ff940,0x00000000f7500000)
  to   space 29696K, 0% used [0x00000000fc800000,0x00000000fc800000,0x00000000fe500000)
 ParOldGen       total 134656K, used 54928K [0x00000000a0000000, 0x00000000a8380000, 0x00000000e0000000)
  object space 134656K, 40% used [0x00000000a0000000,0x00000000a35a41a0,0x00000000a8380000)
 Metaspace       used 74440K, capacity 76717K, committed 77076K, reserved 1116160K
  class space    used 9640K, capacity 10174K, committed 10300K, reserved 1048576K
}
Event: 1507,105 GC heap before
{Heap before GC invocations=21 (full 3):
 PSYoungGen      total 381952K, used 381950K [0x00000000e0000000, 0x00000000fe500000, 0x0000000100000000)
  eden space 359936K, 100% used [0x00000000e0000000,0x00000000f5f80000,0x00000000f5f80000)
  from space 22016K, 99% used [0x00000000f5f80000,0x00000000f74ff940,0x00000000f7500000)
  to   space 29696K, 0% used [0x00000000fc800000,0x00000000fc800000,0x00000000fe500000)
 ParOldGen       total 134656K, used 54928K [0x00000000a0000000, 0x00000000a8380000, 0x00000000e0000000)
  object space 134656K, 40% used [0x00000000a0000000,0x00000000a35a41a0,0x00000000a8380000)
 Metaspace       used 76203K, capacity 78879K, committed 79124K, reserved 1118208K
  class space    used 9800K, capacity 10430K, committed 10556K, reserved 1048576K
Event: 1507,163 GC heap after
Heap after GC invocations=21 (full 3):
 PSYoungGen      total 454144K, used 29674K [0x00000000e0000000, 0x00000000ff400000, 0x0000000100000000)
  eden space 424448K, 0% used [0x00000000e0000000,0x00000000e0000000,0x00000000f9e80000)
  from space 29696K, 99% used [0x00000000fc800000,0x00000000fe4faae0,0x00000000fe500000)
  to   space 42496K, 0% used [0x00000000f9e80000,0x00000000f9e80000,0x00000000fc800000)
 ParOldGen       total 134656K, used 77607K [0x00000000a0000000, 0x00000000a8380000, 0x00000000e0000000)
  object space 134656K, 57% used [0x00000000a0000000,0x00000000a4bc9e80,0x00000000a8380000)
 Metaspace       used 76203K, capacity 78879K, committed 79124K, reserved 1118208K
  class space    used 9800K, capacity 10430K, committed 10556K, reserved 1048576K
}
Event: 1538,167 GC heap before
{Heap before GC invocations=22 (full 3):
 PSYoungGen      total 454144K, used 454122K [0x00000000e0000000, 0x00000000ff400000, 0x0000000100000000)
  eden space 424448K, 100% used [0x00000000e0000000,0x00000000f9e80000,0x00000000f9e80000)
  from space 29696K, 99% used [0x00000000fc800000,0x00000000fe4faae0,0x00000000fe500000)
  to   space 42496K, 0% used [0x00000000f9e80000,0x00000000f9e80000,0x00000000fc800000)
 ParOldGen       total 134656K, used 77607K [0x00000000a0000000, 0x00000000a8380000, 0x00000000e0000000)
  object space 134656K, 57% used [0x00000000a0000000,0x00000000a4bc9e80,0x00000000a8380000)
 Metaspace       used 89861K, capacity 93409K, committed 93588K, reserved 1130496K
  class space    used 11633K, capacity 12428K, committed 12476K, reserved 1048576K
Event: 1538,251 GC heap after
Heap after GC invocations=22 (full 3):
 PSYoungGen      total 466944K, used 30632K [0x00000000e0000000, 0x0000000100000000, 0x0000000100000000)
  eden space 424448K, 0% used [0x00000000e0000000,0x00000000e0000000,0x00000000f9e80000)
  from space 42496K, 72% used [0x00000000f9e80000,0x00000000fbc6a0f8,0x00000000fc800000)
  to   space 45056K, 0% used [0x00000000fd400000,0x00000000fd400000,0x0000000100000000)
 ParOldGen       total 134656K, used 97995K [0x00000000a0000000, 0x00000000a8380000, 0x00000000e0000000)
  object space 134656K, 72% used [0x00000000a0000000,0x00000000a5fb2cc0,0x00000000a8380000)
 Metaspace       used 89861K, capacity 93409K, committed 93588K, reserved 1130496K
  class space    used 11633K, capacity 12428K, committed 12476K, reserved 1048576K
}
Event: 1551,442 GC heap before
{Heap before GC invocations=23 (full 3):
 PSYoungGen      total 466944K, used 455080K [0x00000000e0000000, 0x0000000100000000, 0x0000000100000000)
  eden space 424448K, 100% used [0x00000000e0000000,0x00000000f9e80000,0x00000000f9e80000)
  from space 42496K, 72% used [0x00000000f9e80000,0x00000000fbc6a0f8,0x00000000fc800000)
  to   space 45056K, 0% used [0x00000000fd400000,0x00000000fd400000,0x0000000100000000)
 ParOldGen       total 134656K, used 97995K [0x00000000a0000000, 0x00000000a8380000, 0x00000000e0000000)
  object space 134656K, 72% used [0x00000000a0000000,0x00000000a5fb2cc0,0x00000000a8380000)
 Metaspace       used 94362K, capacity 98334K, committed 98380K, reserved 1134592K
  class space    used 12005K, capacity 12872K, committed 12916K, reserved 1048576K
Event: 1551,534 GC heap after
Heap after GC invocations=23 (full 3):
 PSYoungGen      total 452096K, used 45051K [0x00000000e0000000, 0x0000000100000000, 0x0000000100000000)
  eden space 407040K, 0% used [0x00000000e0000000,0x00000000e0000000,0x00000000f8d80000)
  from space 45056K, 99% used [0x00000000fd400000,0x00000000ffffefe8,0x0000000100000000)
  to   space 57344K, 0% used [0x00000000f9000000,0x00000000f9000000,0x00000000fc800000)
 ParOldGen       total 134656K, used 112221K [0x00000000a0000000, 0x00000000a8380000, 0x00000000e0000000)
  object space 134656K, 83% used [0x00000000a0000000,0x00000000a6d977d8,0x00000000a8380000)
 Metaspace       used 94362K, capacity 98334K, committed 98380K, reserved 1134592K
  class space    used 12005K, capacity 12872K, committed 12916K, reserved 1048576K
}
Event: 1551,534 GC heap before
{Heap before GC invocations=24 (full 4):
 PSYoungGen      total 452096K, used 45051K [0x00000000e0000000, 0x0000000100000000, 0x0000000100000000)
  eden space 407040K, 0% used [0x00000000e0000000,0x00000000e0000000,0x00000000f8d80000)
  from space 45056K, 99% used [0x00000000fd400000,0x00000000ffffefe8,0x0000000100000000)
  to   space 57344K, 0% used [0x00000000f9000000,0x00000000f9000000,0x00000000fc800000)
 ParOldGen       total 134656K, used 112221K [0x00000000a0000000, 0x00000000a8380000, 0x00000000e0000000)
  object space 134656K, 83% used [0x00000000a0000000,0x00000000a6d977d8,0x00000000a8380000)
 Metaspace       used 94362K, capacity 98334K, committed 98380K, reserved 1134592K
  class space    used 12005K, capacity 12872K, committed 12916K, reserved 1048576K

